(env_isaaclab) PS D:\Graduation-Project> python scripts/go1-ros2-test/eval.py --task Isaac-Velocity-Flat-Unitree-Go1-ROS2Cmd-Play-v0 --num_envs 64 --eval_steps 3000 --warmup_steps 300 --pass_abs_err 0.18 --pass_stable_ratio 0.75 --stable_err_thresh 0.15 --strict_pass
[INFO][AppLauncher]: Using device: cuda:0
[INFO][AppLauncher]: Loading experience file: D:\IsaacLab\apps\isaaclab.python.kit
Loading user config located at: 'd:/isaaclab/_isaac_sim/kit/data/Kit/Isaac-Sim/5.1/user.config.json'
[Info] [carb] Logging to file: d:/isaaclab/_isaac_sim/kit/logs/Kit/Isaac-Sim/5.1/kit_20260308_163433.log
[0.720s] [ext: omni.kit.async_engine-0.0.3] startup
[2.679s] [ext: omni.metrics.core-0.0.3] startup
[2.684s] [ext: omni.client.lib-1.1.0] startup
[2.831s] [ext: omni.blobkey-1.1.2] startup
[2.836s] [ext: omni.stats-1.0.1] startup
[2.846s] [ext: omni.datastore-0.0.0] startup
[2.859s] [ext: omni.client-1.3.0] startup
[2.902s] [ext: omni.ujitso.default-1.0.0] startup
[2.921s] [ext: omni.hsscclient-1.1.2] startup
[3.033s] [ext: omni.gpu_foundation.shadercache.vulkan-1.0.0] startup
[3.060s] [ext: omni.assets.plugins-0.0.0] startup
[3.084s] [ext: omni.gpu_foundation-0.0.0] startup
[3.244s] [ext: carb.windowing.plugins-1.0.0] startup
[3.629s] [ext: omni.kit.renderer.init-0.0.0] startup
[3.635s] [ext: omni.kit.pipapi-0.0.0] startup
[3.640s] [ext: omni.kit.pip_archive-0.0.0] startup
[3.642s] [ext: omni.pip.compute-1.6.3] startup
[3.644s] [ext: omni.materialx.libs-1.0.7] startup
[3.759s] [ext: omni.pip.cloud-1.4.3] startup
[3.767s] [ext: omni.isaac.core_archive-3.0.0] startup
[3.772s] [ext: omni.usd.config-1.0.6] startup
[3.999s] [ext: omni.gpucompute.plugins-0.0.0] startup
[4.029s] [ext: omni.usd.libs-1.0.1] startup
[4.646s] [ext: omni.mdl-56.0.3] startup
[5.144s] [ext: omni.iray.libs-0.0.0] startup
[5.297s] [ext: omni.mdl.neuraylib-0.2.12] startup
2026-03-08T08:34:38Z [5,082ms] [Warning] [gpu.foundation.plugin] Skipping unsupported non-NVIDIA GPU: Intel(R) Graphics
2026-03-08T08:34:38Z [5,082ms] [Warning] [gpu.foundation.plugin] Skipping unsupported non-NVIDIA GPU: Intel(R) Graphics
2026-03-08T08:34:38Z [5,085ms] [Warning] [gpu.foundation.plugin] Skipping unsupported non-NVIDIA GPU: Intel(R) Graphics
2026-03-08T08:34:38Z [5,085ms] [Warning] [gpu.foundation.plugin] Skipping unsupported non-NVIDIA GPU: Intel(R) Graphics
[5.341s] [ext: omni.kit.usd.mdl-1.1.5] startup

|---------------------------------------------------------------------------------------------|      
| Driver Version: 591.74        | Graphics API: Vulkan
|=============================================================================================|      
| GPU | Name                             | Active | LDA | GPU Memory | Vendor-ID | LUID       |      
|     |                                  |        |     |            | Device-ID | UUID       |      
|     |                                  |        |     |            | Bus-ID    |            |      
|---------------------------------------------------------------------------------------------|      
| 0   | NVIDIA GeForce RTX 4060 Laptop.. | Yes: 0 |     | 7956    MB | 10de      | e3b50100.. |      
|     |                                  |        |     |            | 28a0      | 168d642c.. |      
|     |                                  |        |     |            | 32        |            |      
|---------------------------------------------------------------------------------------------|      
| 1   | Intel(R) Graphics                |        |     | 7994    MB | 8086      | 4caf0100.. |      
|     |                                  |        |     |            | 7dd5      | 8680d57d.. |      
|     |                                  |        |     |            | N/A       |            |      
|---------------------------------------------------------------------------------------------|      
| 2   | Intel(R) Graphics                |        |     | 7994    MB | 8086      | a7950200.. |      
|     |                                  |        |     |            | 7dd5      | 8680d57d.. |      
|     |                                  |        |     |            | N/A       |            |      
|=============================================================================================|      
| OS: Windows 11 Pro, Version: 10.0 (23H2), Build: 22631, Kernel: 10.0.22621.4036
| Processor: Intel(R) Core(TM) Ultra 9 185H
| Cores: 16 | Logical Cores: 22
|---------------------------------------------------------------------------------------------|      
| Total Memory (MB): 15989 | Free Memory: 3277
| Total Page/Swap (MB): 49708 | Free Page/Swap: 20042
|---------------------------------------------------------------------------------------------|      
2026-03-08T08:34:39Z [5,946ms] [Warning] [gpu.foundation.plugin] PCIe link width current (4) and maximum (8) for device 0 don't match.
[6.213s] [ext: omni.isaac.ml_archive-3.0.4] startup
[6.216s] [ext: omni.kit.telemetry-0.5.2] startup
[6.324s] [ext: omni.kit.loop-isaac-1.3.7] startup
[6.335s] [ext: omni.kit.test-2.0.1] startup
[6.638s] [ext: omni.appwindow-1.1.10] startup
[6.697s] [ext: omni.kit.renderer.core-1.1.0] startup
[6.726s] [ext: omni.kit.renderer.capture-0.0.0] startup
[6.767s] [ext: omni.kit.renderer.imgui-2.0.5] startup
[6.851s] [ext: omni.ui-2.27.1] startup
[6.919s] [ext: omni.kit.mainwindow-1.0.3] startup
[6.932s] [ext: carb.audio-0.1.0] startup
[6.944s] [ext: omni.uiaudio-1.0.0] startup
[6.966s] [ext: omni.kit.uiapp-0.0.0] startup
[6.966s] [ext: omni.usd.schema.metrics.assembler-107.3.1] startup
[7.079s] [ext: omni.usd.schema.audio-0.0.0] startup
[7.144s] [ext: omni.usd_resolver-1.0.0] startup
[7.211s] [ext: omni.usd.core-1.5.3] startup
[7.222s] [ext: omni.usd.schema.omni_lens_distortion-0.0.0] startup
[7.333s] [ext: omni.usd.schema.physx-107.3.26] startup
[7.479s] [ext: omni.usd.schema.semantics-0.0.0] startup
[7.520s] [ext: omni.usd.schema.omniscripting-1.0.0] startup
[7.578s] [ext: omni.usd.schema.geospatial-0.0.0] startup
[7.610s] [ext: omni.usd.schema.anim-0.0.0] startup
[7.783s] [ext: omni.kit.window.popup_dialog-2.0.24] startup
[7.809s] [ext: usdrt.scenegraph-7.6.1] startup
[8.033s] [ext: omni.timeline-1.0.14] startup
[8.046s] [ext: omni.resourcemonitor-107.0.1] startup
[8.066s] [ext: omni.activity.core-1.0.3] startup
[8.080s] [ext: omni.kit.widget.nucleus_connector-2.0.1] startup
[8.093s] [ext: omni.hydra.usdrt_delegate-7.5.1] startup
[8.169s] [ext: omni.kit.actions.core-1.0.0] startup
[8.191s] [ext: omni.graph.exec-0.9.6] startup
[8.199s] [ext: omni.kit.commands-1.4.10] startup
[8.232s] [ext: omni.kit.usd_undo-0.1.8] startup
[8.236s] [ext: omni.kit.exec.core-0.13.4] startup
[8.261s] [ext: omni.kit.audiodeviceenum-1.0.2] startup
[8.280s] [ext: omni.hydra.scene_delegate-0.3.4] startup
[8.299s] [ext: omni.usd-1.13.10] startup
[8.449s] [ext: omni.kit.asset_converter-5.0.17] startup
[8.523s] [ext: omni.usd.schema.render_settings.rtx-0.0.0] startup
[8.540s] [ext: omni.usd.schema.omni_sensors-0.0.0] startup
[8.547s] [ext: isaacsim.robot.schema-3.6.0] startup
[8.663s] [ext: omni.usd.schema.omnigraph-1.0.0] startup
[8.715s] [ext: omni.index.libs-380600.8087.0] startup
[8.715s] [ext: omni.volume-0.5.2] startup
[8.747s] [ext: omni.ujitso.client-0.0.0] startup
[8.754s] [ext: omni.index-1.0.1] startup
[8.761s] [ext: omni.hydra.rtx.shadercache.vulkan-1.0.0] startup
[8.782s] [ext: omni.hydra.rtx-1.0.0] startup
[9.039s] [ext: omni.kit.notification_manager-1.0.10] startup
[9.051s] [ext: omni.kit.clipboard-1.0.5] startup
[9.060s] [ext: omni.kit.viewport.legacy_gizmos-1.0.19] startup
[9.072s] [ext: omni.kit.raycast.query-1.1.0] startup
[9.097s] [ext: omni.kit.menu.core-1.1.2] startup
[9.101s] [ext: omni.kit.widget.options_menu-1.1.6] startup
[9.133s] [ext: omni.kit.helper.file_utils-0.1.9] startup
[9.143s] [ext: omni.kit.widget.path_field-2.0.11] startup
[9.155s] [ext: omni.kit.widget.context_menu-1.2.5] startup
[9.174s] [ext: omni.kit.widget.options_button-1.0.3] startup
[9.184s] [ext: omni.kit.widget.filebrowser-2.12.3] startup
[9.255s] [ext: omni.kit.widget.browser_bar-2.0.10] startup
[9.263s] [ext: omni.kit.usd.layers-2.2.11] startup
[9.324s] [ext: omni.ui.scene-1.11.5] startup
[9.356s] [ext: omni.kit.viewport.registry-104.0.6] startup
[9.361s] [ext: omni.kit.window.filepicker-2.13.4] startup
[9.525s] [ext: omni.kit.menu.utils-2.0.5] startup
[9.594s] [ext: omni.kit.context_menu-1.8.6] startup
[9.613s] [ext: omni.kit.viewport.scene_camera_model-1.0.6] startup
[9.633s] [ext: omni.kit.hydra_texture-1.4.6] startup
[9.656s] [ext: omni.kit.window.file_importer-1.1.18] startup
[9.681s] [ext: omni.kit.widget.searchable_combobox-1.0.6] startup
[9.689s] [ext: omni.kit.window.drop_support-1.0.5] startup
[9.694s] [ext: omni.kit.widget.viewport-107.1.3] startup
[9.742s] [ext: omni.kit.material.library-2.0.7] startup
[9.765s] [ext: omni.hydra.engine.stats-1.0.3] startup
[9.779s] [ext: omni.kit.widget.settings-1.2.6] startup
[9.796s] [ext: omni.kit.viewport.window-107.2.0] startup
[11.220s] [ext: omni.kit.window.preferences-1.8.0] startup
[11.269s] [ext: omni.kit.hotkeys.core-1.3.10] startup
[11.272s] [ext: omni.kit.viewport.utility-1.1.2] startup
[11.276s] [ext: omni.kit.manipulator.transform-107.0.0] startup
[11.304s] [ext: omni.kit.window.content_browser_registry-0.0.6] startup
[11.311s] [ext: omni.kit.widget.toolbar-2.0.1] startup
[11.378s] [ext: omni.kit.widget.filter-1.1.4] startup
[11.383s] [ext: omni.kit.widget.searchfield-1.1.8] startup
[11.397s] [ext: omni.kit.manipulator.tool.snap-1.5.13] startup
[11.435s] [ext: omni.kit.manipulator.selector-1.1.3] startup
[11.442s] [ext: omni.kit.stage_template.core-1.1.22] startup
[11.446s] [ext: omni.kit.window.file_exporter-1.0.33] startup
[11.451s] [ext: omni.kit.viewport.manipulator.transform-107.0.4] startup
[11.479s] [ext: omni.kit.manipulator.viewport-107.0.1] startup
[11.486s] [ext: omni.kit.primitive.mesh-1.0.17] startup
[11.509s] [ext: omni.kit.window.file-2.0.5] startup
[11.529s] [ext: omni.kit.manipulator.prim.core-107.0.8] startup
[11.574s] [ext: omni.fabric.commands-1.1.6] startup
[11.592s] [ext: omni.kit.window.content_browser-3.1.3] startup
[11.629s] [ext: omni.kit.widget.stage-3.1.4] startup
[11.717s] [ext: omni.kit.property.adapter.core-1.0.2] startup
[11.751s] [ext: omni.kit.widget.highlight_label-1.0.3] startup
[11.757s] [ext: omni.kit.manipulator.prim.fabric-107.0.4] startup
[11.767s] [ext: omni.kit.manipulator.prim.usd-107.0.3] startup
[11.775s] [ext: omni.kit.property.adapter.usd-1.0.2] startup
[11.784s] [ext: omni.kit.window.property-1.12.1] startup
[11.806s] [ext: omni.kit.property.adapter.fabric-1.0.3] startup
[11.819s] [ext: omni.kit.manipulator.prim-107.0.0] startup
[11.819s] [ext: omni.kit.property.usd-4.5.12] startup
[11.870s] [ext: omni.kit.manipulator.selection-106.0.1] startup
[11.875s] [ext: omni.debugdraw-0.1.4] startup
[11.897s] [ext: omni.kit.widget.prompt-1.0.7] startup
[11.903s] [ext: omni.kit.viewport.menubar.core-107.2.1] startup
[11.984s] [ext: omni.kit.viewport.actions-107.0.2] startup
[11.995s] [ext: omni.kvdb-107.3.26] startup
[12.020s] [ext: omni.kit.widget.layers-1.8.6] startup
[12.082s] [ext: omni.kit.viewport.menubar.display-107.0.3] startup
[12.089s] [ext: omni.physx.foundation-107.3.26] startup
[12.123s] [ext: omni.usdphysics-107.3.26] startup
[12.136s] [ext: omni.localcache-107.3.26] startup
[12.157s] [ext: omni.usdphysics.ui-107.3.26] startup
[12.215s] [ext: omni.convexdecomposition-107.3.26] startup
[12.238s] [ext: omni.inspect-1.0.2] startup
[12.254s] [ext: omni.physx.cooking-107.3.26] startup
[12.276s] [ext: omni.graph.core-2.184.5] startup
[12.294s] [ext: omni.physx-107.3.26] startup
[12.345s] [ext: omni.physics-107.3.26] startup
[12.372s] [ext: omni.physx.commands-107.3.26] startup
[12.387s] [ext: omni.physics.stageupdate-107.3.26] startup
[12.413s] [ext: omni.kit.numpy.common-0.1.3] startup
[12.421s] [ext: omni.physx.ui-107.3.26] startup
[12.541s] [ext: omni.physics.tensors-107.3.26] startup
[12.568s] [ext: omni.kit.widget.stage_icons-1.0.8] startup
[12.573s] [ext: isaacsim.core.deprecation_manager-0.2.7] startup
[12.579s] [ext: omni.physics.physx-107.3.26] startup
2026-03-08T08:34:45Z [12,357ms] [Warning] [carb] Acquiring non optional plugin interface which is not listed as dependency: [omni::physx::IPhysxBenchmarks v1.0] (plugin: <default plugin>), by client: omni.physics.physx.plugin. Add it to CARB_PLUGIN_IMPL_DEPS() macro of a client.
[12.590s] [ext: omni.warp.core-1.8.2] startup
[12.906s] [ext: omni.kit.window.stage-2.6.1] startup
[12.922s] [ext: omni.usd.metrics.assembler-107.3.1] startup
[12.989s] [ext: isaacsim.core.version-2.0.6] startup
[12.995s] [ext: omni.isaac.dynamic_control-2.0.7] startup
2026-03-08T08:34:46Z [12,794ms] [Warning] [omni.isaac.dynamic_control] omni.isaac.dynamic_control is deprecated as of Isaac Sim 4.5. No action is needed from end-users.
[13.028s] [ext: omni.usd.metrics.assembler.physics-107.3.26] startup
[13.039s] [ext: isaacsim.storage.native-1.5.1] startup
[13.059s] [ext: omni.physx.tensors-107.3.26] startup
[13.081s] [ext: isaacsim.core.utils-3.5.1] startup
[13.099s] [ext: omni.kit.widget.graph-2.0.0] startup
[13.148s] [ext: isaacsim.core.simulation_manager-1.4.4] startup
[20.048s] [ext: omni.kit.graph.delegate.default-1.2.3] startup
[20.057s] [ext: isaacsim.core.prims-0.6.1] startup
[20.151s] [ext: omni.kit.graph.editor.core-1.5.3] startup
[20.185s] [ext: omni.graph.tools-1.79.2] startup
[20.336s] [ext: omni.kit.widget.material_preview-1.0.16] startup
[20.346s] [ext: omni.kit.graph.usd.commands-1.3.1] startup
[20.354s] [ext: omni.kit.widget.text_editor-1.1.1] startup
[20.371s] [ext: omni.graph-1.141.2] startup
[20.538s] [ext: omni.kit.window.material_graph-1.9.1] startup
[20.584s] [ext: omni.graph.scriptnode-1.50.0] startup
[20.595s] [ext: omni.kit.stage_templates-2.0.0] startup
[20.618s] [ext: omni.graph.image.core-0.6.1] startup
[20.634s] [ext: omni.graph.action_core-1.1.7] startup
[20.665s] [ext: omni.graph.image.nodes-1.3.1] startup
[20.681s] [ext: omni.graph.action_nodes-1.50.4] startup
[20.710s] [ext: omni.kit.menu.create-2.0.1] startup
[20.721s] [ext: omni.graph.ui_nodes-1.50.5] startup
[20.761s] [ext: omni.graph.nodes-1.170.10] startup
[20.878s] [ext: omni.graph.action-1.130.0] startup
[20.884s] [ext: omni.kit.scripting-107.3.2] startup
[20.939s] [ext: omni.warp-1.8.2] startup
[20.985s] [ext: omni.videoencoding-0.1.2] startup
[21.029s] [ext: omni.syntheticdata-0.6.13] startup
[21.215s] [ext: isaacsim.replicator.behavior-1.1.16] startup
[21.232s] [ext: omni.replicator.core-1.12.27] startup
2026-03-08T08:34:54Z [21,121ms] [Warning] [pxr.Semantics] pxr.Semantics is deprecated - please use Semantics instead
2026-03-08T08:34:55Z [21,850ms] [Warning] [omni.graph.core.plugin] Found duplicate of category 'Replicator' - was 'Annotators', adding 'Fabric Reader'
2026-03-08T08:34:55Z [21,850ms] [Warning] [omni.graph.core.plugin] Category 'Replicator' not accepted on node type 'omni.replicator.core.FabricReader' in extension 'omni.replicator.core'
2026-03-08T08:34:55Z [21,855ms] [Warning] [omni.replicator.core.scripts.extension] No material configuration file, adding configuration to material settings directly.
[22.095s] [ext: isaacsim.core.api-4.8.0] startup
[22.223s] [ext: isaacsim.core.experimental.utils-0.3.0] startup
[22.264s] [ext: isaacsim.core.cloner-1.4.10] startup
[22.290s] [ext: isaacsim.core.nodes-3.4.3] startup
[22.351s] [ext: omni.kit.menu.stage-1.2.7] startup
[22.362s] [ext: omni.kit.widget.zoombar-1.0.6] startup
[22.375s] [ext: omni.kit.stagerecorder.core-107.0.3] startup
[22.420s] [ext: omni.kit.browser.core-2.3.13] startup
[22.463s] [ext: omni.kit.stagerecorder.ui-107.0.1] startup
[22.495s] [ext: omni.kit.browser.folder.core-1.10.9] startup
[22.555s] [ext: omni.kit.stagerecorder.bundle-105.0.2] startup
[22.561s] [ext: isaacsim.sensors.camera-1.3.6] startup
[22.638s] [ext: omni.graph.visualization.nodes-2.1.3] startup
[22.726s] [ext: omni.kit.selection-0.1.6] startup
[22.735s] [ext: omni.ui_query-1.1.8] startup
[22.742s] [ext: omni.kit.usd.collect-2.4.5] startup
[22.764s] [ext: omni.kit.window.extensions-1.4.27] startup
[22.848s] [ext: omni.kit.ui_test-1.3.7] startup
[22.872s] [ext: omni.kit.tool.collect-2.2.18] startup
[22.899s] [ext: isaacsim.test.docstring-1.1.0] startup
[22.915s] [ext: isaacsim.gui.components-1.2.1] startup
[22.958s] [ext: isaacsim.gui.menu-2.4.4] startup
[23.033s] [ext: isaacsim.asset.browser-1.3.23] startup
[23.378s] [ext: isaacsim.core.experimental.prims-0.8.1] startup
[23.552s] [ext: omni.kit.usdz_export-1.0.9] startup
[23.568s] [ext: semantics.schema.editor-2.0.2] startup
[23.597s] [ext: isaacsim.sensors.physics-0.4.3] startup
[23.658s] [ext: isaacsim.robot.surface_gripper-3.3.1] startup
[23.706s] [ext: omni.kit.tool.asset_importer-4.3.2] startup
[23.765s] [ext: omni.sensors.nv.common-3.0.0] startup
[24.007s] [ext: isaacsim.robot.policy.examples-4.1.11] startup
[24.040s] [ext: isaacsim.robot.manipulators-3.3.6] startup
[24.076s] [ext: isaacsim.asset.importer.mjcf-2.5.13] startup
[25.265s] [ext: isaacsim.util.debug_draw-3.1.0] startup
[25.292s] [ext: omni.sensors.nv.materials-2.0.0] startup
[25.400s] [ext: omni.sensors.net-1.0.0] startup
[25.463s] [ext: isaacsim.sensors.physx-2.3.2] startup
[25.498s] [ext: isaacsim.examples.browser-0.2.1] startup
[25.517s] [ext: isaacsim.asset.importer.urdf-2.4.31] startup
[25.654s] [ext: isaacsim.simulation_app-2.12.2] startup
[25.656s] [ext: omni.sensors.nv.ids-2.0.0] startup
[25.714s] [ext: omni.sensors.nv.lidar-3.0.0] startup
[25.795s] [ext: omni.kit.property.audio-1.0.16] startup
[25.805s] [ext: omni.kit.property.camera-1.0.10] startup
[25.815s] [ext: omni.kit.property.geometry-2.0.4] startup
[25.837s] [ext: omni.hydra.scene_api-0.1.2] startup
[25.863s] [ext: omni.sensors.nv.wpm-3.0.0] startup
[25.910s] [ext: omni.kit.property.light-1.0.12] startup
[25.957s] [ext: omni.kit.property.material-1.11.9] startup
[26.026s] [ext: omni.kit.property.render-1.2.1] startup
[26.036s] [ext: omni.kit.property.transform-1.5.13] startup
[26.058s] [ext: omni.sensors.nv.radar-3.0.0] startup
[26.154s] [ext: omni.anim.curve.core-1.3.1] startup
[26.219s] [ext: omni.kit.manipulator.camera-106.0.4] startup
[26.248s] [ext: isaacsim.gui.property-1.1.3] startup
[26.268s] [ext: omni.kit.property.bundle-1.4.1] startup
[26.289s] [ext: isaacsim.sensors.rtx-15.8.4] startup
[26.347s] [ext: omni.kit.viewport.menubar.camera-107.0.6] startup
[26.412s] [ext: omni.kit.viewport.menubar.lighting-107.3.1] startup
[26.435s] [ext: omni.kit.viewport.menubar.render-107.0.10] startup
[26.455s] [ext: omni.kit.viewport.menubar.settings-107.0.3] startup
[26.496s] [ext: omni.kit.window.script_editor-2.0.1] startup
[26.516s] [ext: omni.kit.window.console-1.1.4] startup
[26.551s] [ext: isaacsim.robot.wheeled_robots-4.0.24] startup
[26.625s] [ext: omni.physx.demos-107.3.26] startup
[26.827s] [ext: omni.kit.property.physx-107.3.26] startup
[26.915s] [ext: omni.rtx.window.settings-0.6.19] startup
[26.962s] [ext: omni.ocio-0.1.1] startup
[26.975s] [ext: omni.asset_validator.core-1.1.6] startup
[27.199s] [ext: omni.physx.vehicle-107.3.26] startup
[27.323s] [ext: omni.replicator.replicator_yaml-2.0.11] startup
[27.394s] [ext: omni.rtx.settings.core-0.6.5] startup
[27.429s] [ext: omni.kit.window.toolbar-2.0.0] startup
[27.443s] [ext: omni.kit.window.status_bar-0.1.9] startup
[27.508s] [ext: omni.physx.asset_validator-107.3.26] startup
[27.567s] [ext: omni.physx.camera-107.3.26] startup
[27.626s] [ext: omni.physx.cct-107.3.26] startup
[27.682s] [ext: omni.physx.graph-107.3.26] startup
[27.760s] [ext: omni.physx.supportui-107.3.26] startup
[27.841s] [ext: omni.physx.telemetry-107.3.26] startup
[27.859s] [ext: omni.usd.metrics.assembler.ui-107.3.1] startup
[27.910s] [ext: isaacsim.app.about-2.0.11] startup
[27.920s] [ext: isaacsim.core.throttling-2.2.2] startup
[27.936s] [ext: omni.kit.ui.actions-1.0.5] startup
[27.951s] [ext: semantics.schema.property-2.0.1] startup
[27.970s] [ext: omni.physx.bundle-107.3.26] startup
[27.972s] [ext: isaaclab-0.54.0] startup
[30.106s] [ext: isaaclab_assets-0.2.4] startup
[30.932s] [ext: isaaclab_tasks-0.11.12] startup
[31.878s] [ext: omni.kit.menu.common-2.0.1] startup
[31.887s] [ext: isaaclab_rl-0.4.7] startup
[31.890s] [ext: isaaclab_mimic-1.0.16] startup
[31.892s] [ext: isaaclab.python-2.3.0] startup
[31.906s] Simulation App Starting
2026-03-08T08:35:06Z [33,365ms] [Warning] [omni.fabric.plugin] Warning: attribute overrideClipRange not found for bucket id 9

[34.204s] app ready
[38.287s] Simulation App Startup Complete
[ROS2] Using FastRTPS config: D:\Graduation-Project\configs\ros2\fastrtps_win_to_wsl.xml
[INFO]: Parsing configuration from: robot_lab.tasks.manager_based.locomotion.velocity.config.quadruped.unitree_go1_ros2.flat_env_cfg:UnitreeGo1Ros2CmdFlatEnvCfg_PLAY
[INFO]: Parsing configuration from: isaaclab_tasks.manager_based.locomotion.velocity.config.go1.agents.rsl_rl_ppo_cfg:UnitreeGo1FlatPPORunnerCfg
[INFO] Loading experiment from directory: D:\Graduation-Project\logs\rsl_rl\unitree_go1_flat
[INFO] Using checkpoint: D:\Graduation-Project\logs\rsl_rl\unitree_go1_flat\2026-03-08_15-50-01_baseline_flat_ros2cmd\model_299.pt

====================================================================================================================
[INFO][IsaacLab]: Logging to file: C:\Users\SNight\AppData\Local\Temp\isaaclab\logs\isaaclab_2026-03-08_16-35-21.log
====================================================================================================================

[48.335s] [ext: omni.physx.fabric-107.3.26] startup
16:35:22 [simulation_context.py] WARNING: The `enable_external_forces_every_iteration` parameter in the PhysxCfg is set to False. If you are experiencing noisy velocities, consider enabling this flag. You may need to slightly increase the number of velocity iterations (setting it to 1 or 2 rather than 0), together with this flag, to improve the accuracy of velocity updates.
[INFO]: Base environment:
        Environment device    : cuda:0
        Environment seed      : 42
        Physics step-size     : 0.005
        Rendering step-size   : 0.02
        Environment step-size : 0.02
16:35:25 [terrain_importer.py] WARNING: Visual material specified for ground plane but no diffuse color found. Using default color: (0.0, 0.0, 0.0)
[INFO]: Time taken for scene creation : 4.913819 seconds
[INFO]: Scene manager:  <class InteractiveScene>
        Number of environments: 64
        Environment spacing   : 2.5
        Source prim name      : /World/envs/env_0
        Global prim paths     : ['/World/ground']
        Replicate physics     : True
[INFO]: Starting the simulation. This may take a few seconds. Please wait...
[INFO]: Time taken for simulation start : 6.081628 seconds
[INFO] Command Manager:  <CommandManager> contains 1 active terms.
+---------------------------------------------+
|             Active Command Terms            |
+-------+---------------+---------------------+
| Index | Name          |         Type        |
+-------+---------------+---------------------+
|   0   | base_velocity | Ros2VelocityCommand |
+-------+---------------+---------------------+

[INFO] Event Manager:  <EventManager> contains 2 active terms.
+--------------------------------------+
| Active Event Terms in Mode: 'startup' |
+----------+---------------------------+
|  Index   | Name                      |
+----------+---------------------------+
|    0     | physics_material          |
|    1     | add_base_mass             |
+----------+---------------------------+
+-------------------------------------+
| Active Event Terms in Mode: 'reset' |
+---------+---------------------------+
|  Index  | Name                      |
+---------+---------------------------+
|    0    | reset_base                |
|    1    | reset_robot_joints        |
+---------+---------------------------+

[INFO] Recorder Manager:  <RecorderManager> contains 0 active terms.
+---------------------+
| Active Recorder Terms |
+-----------+---------+
|   Index   | Name    |
+-----------+---------+
+-----------+---------+

[INFO] Action Manager:  <ActionManager> contains 1 active terms.
+------------------------------------+
|  Active Action Terms (shape: 12)   |
+--------+-------------+-------------+
| Index  | Name        |   Dimension |
+--------+-------------+-------------+
|   0    | joint_pos   |          12 |
+--------+-------------+-------------+

[INFO] Observation Manager: <ObservationManager> contains 1 groups.
+---------------------------------------------------------+
| Active Observation Terms in Group: 'policy' (shape: (48,)) |
+-----------+---------------------------------+-----------+
|   Index   | Name                            |   Shape   |
+-----------+---------------------------------+-----------+
|     0     | base_lin_vel                    |    (3,)   |
|     1     | base_ang_vel                    |    (3,)   |
|     2     | projected_gravity               |    (3,)   |
|     3     | velocity_commands               |    (3,)   |
|     4     | joint_pos                       |   (12,)   |
|     5     | joint_vel                       |   (12,)   |
|     6     | actions                         |   (12,)   |
+-----------+---------------------------------+-----------+

[INFO] Termination Manager:  <TerminationManager> contains 2 active terms.
+---------------------------------+
|     Active Termination Terms    |
+-------+--------------+----------+
| Index | Name         | Time Out |
+-------+--------------+----------+
|   0   | time_out     |   True   |
|   1   | base_contact |  False   |
+-------+--------------+----------+

[INFO] Reward Manager:  <RewardManager> contains 10 active terms.
+-----------------------------------------+
|           Active Reward Terms           |
+-------+----------------------+----------+
| Index | Name                 |   Weight |
+-------+----------------------+----------+
|   0   | track_lin_vel_xy_exp |      1.5 |
|   1   | track_ang_vel_z_exp  |     0.75 |
|   2   | lin_vel_z_l2         |     -2.0 |
|   3   | ang_vel_xy_l2        |    -0.05 |
|   4   | dof_torques_l2       |  -0.0002 |
|   5   | dof_acc_l2           | -2.5e-07 |
|   6   | action_rate_l2       |    -0.01 |
|   7   | feet_air_time        |     0.25 |
|   8   | flat_orientation_l2  |     -2.5 |
|   9   | dof_pos_limits       |      0.0 |
+-------+----------------------+----------+

[INFO] Curriculum Manager:  <CurriculumManager> contains 0 active terms.
+----------------------+
| Active Curriculum Terms |
+-----------+----------+
|   Index   | Name     |
+-----------+----------+
+-----------+----------+

Creating window for environment.
[INFO]: Completed setting up the environment...
[61.565s] [ext: isaacsim.ros2.bridge-4.12.4] startup
[62.021s] Attempting to load system rclpy
[62.022s] Could not import system rclpy: No module named 'rclpy'
[62.023s] Attempting to load internal rclpy for ROS Distro: humble
[62.215s] rclpy loaded
[ROS2 Bridge] ROS_DOMAIN_ID=0, RMW_IMPLEMENTATION=rmw_fastrtps_cpp
[ROS2 Bridge] ROS_LOCALHOST_ONLY=0 (default)
[ROS2 Bridge] FASTRTPS_DEFAULT_PROFILES_FILE=D:\Graduation-Project\configs\ros2\fastrtps_win_to_wsl.xml
[ROS2 Bridge] FASTDDS_DEFAULT_PROFILES_FILE=D:\Graduation-Project\configs\ros2\fastrtps_win_to_wsl.xml
[ROS2 Bridge] FASTDDS_BUILTIN_TRANSPORTS=UDPv4
[ROS2 Bridge] Subscribing to topic: /go1/cmd_vel
[ROS2 Bridge] rclpy initialized
[ROS2 Bridge] Node created: isaac_twist_sub_2358191896272
[ROS2 Bridge] Subscription created for /go1/cmd_vel
2026-03-08T08:35:37Z [64,014ms] [Error] [isaacsim.core.api.simulation_context.simulation_context] Physics callback `ros2_twist_sync_2358191896272` doesn't exist
[ROS2 Bridge] Received msg #1: vx=1.000, vy=0.000, wz=0.000
C:\Users\SNight\anaconda3\envs\env_isaaclab\Lib\site-packages\rsl_rl\utils\utils.py:245: UserWarning: The observation configuration dictionary 'obs_groups' must contain the 'policy' key. As an observation group with the name 'policy' was found, this is assumed to be the observation set. Consider adding the 'policy' key to the 'obs_groups' dictionary for clarity. This behavior will be removed in a future version.
  warnings.warn(
C:\Users\SNight\anaconda3\envs\env_isaaclab\Lib\site-packages\rsl_rl\utils\utils.py:291: UserWarning: The observation configuration dictionary 'obs_groups' must contain the 'critic' key. As the configuration for 'critic' is missing, the observations from the 'policy' set are used. Consider adding the 'critic' key to the 'obs_groups' dictionary for clarity. This behavior will be removed in a future version.
  warnings.warn(
--------------------------------------------------------------------------------
Resolved observation sets:
         policy :  ['policy']
         critic :  ['policy']
--------------------------------------------------------------------------------
Actor MLP: MLP(
  (0): Linear(in_features=48, out_features=128, bias=True)
  (1): ELU(alpha=1.0)
  (2): Linear(in_features=128, out_features=128, bias=True)
  (3): ELU(alpha=1.0)
  (4): Linear(in_features=128, out_features=128, bias=True)
  (5): ELU(alpha=1.0)
  (6): Linear(in_features=128, out_features=12, bias=True)
)
Critic MLP: MLP(
  (0): Linear(in_features=48, out_features=128, bias=True)
  (1): ELU(alpha=1.0)
  (2): Linear(in_features=128, out_features=128, bias=True)
  (3): ELU(alpha=1.0)
  (4): Linear(in_features=128, out_features=128, bias=True)
  (5): ELU(alpha=1.0)
  (6): Linear(in_features=128, out_features=1, bias=True)
)
[ROS2 Bridge] Received msg #2: vx=1.000, vy=0.000, wz=0.000
[ROS2 Bridge] Sync #1: cmd=[1.0, 0.0, 0.0], rx_time=1772958937.80
[ROS2 Bridge] Received msg #3: vx=1.000, vy=0.000, wz=0.000
[ROS2 Bridge] Received msg #4: vx=1.000, vy=0.000, wz=0.000
[ROS2 Bridge] Received msg #5: vx=1.000, vy=0.000, wz=0.000
[ROS2 Bridge] Sync #100: cmd=[1.0, 0.0, 0.0], rx_time=1772958939.75
2026-03-08T08:35:44Z [71,102ms] [Warning] [carb] Client gpu.foundation.plugin has acquired [gpu::unstable::IMemoryBudgetManagerFactory v0.1] 100 times. Consider accessing this interface with carb::getCachedInterface() (Performance warning)
[ROS2 Bridge] Sync #1000: cmd=[1.0, 0.0, 0.0], rx_time=1772958953.64
[EVAL] step=500 cmd_vx=1.0000 vx_meas=1.0251 vx_abs_err=0.0601 timeout_rate=0.0000 base_contact_rate=0.0000
[EVAL] step=750 cmd_vx=1.0000 vx_meas=1.0266 vx_abs_err=0.0860 timeout_rate=0.0000 base_contact_rate=0.0000
[EVAL] step=1000 cmd_vx=1.0000 vx_meas=0.0000 vx_abs_err=1.0000 timeout_rate=1.0000 base_contact_rate=0.0000
[EVAL] step=1250 cmd_vx=1.0000 vx_meas=1.0992 vx_abs_err=0.0992 timeout_rate=0.0000 base_contact_rate=0.0000
[EVAL] step=1500 cmd_vx=1.0000 vx_meas=0.9693 vx_abs_err=0.0683 timeout_rate=0.0000 base_contact_rate=0.0000
[EVAL] step=1750 cmd_vx=1.0000 vx_meas=1.0550 vx_abs_err=0.1181 timeout_rate=0.0000 base_contact_rate=0.0000
[EVAL] step=2000 cmd_vx=1.0000 vx_meas=0.0000 vx_abs_err=1.0000 timeout_rate=1.0000 base_contact_rate=0.0000
[EVAL] step=2250 cmd_vx=1.0000 vx_meas=1.0982 vx_abs_err=0.0982 timeout_rate=0.0000 base_contact_rate=0.0000
[EVAL] step=2500 cmd_vx=1.0000 vx_meas=0.9997 vx_abs_err=0.0764 timeout_rate=0.0000 base_contact_rate=0.0000
[EVAL] step=2750 cmd_vx=1.0000 vx_meas=1.0420 vx_abs_err=0.1057 timeout_rate=0.0000 base_contact_rate=0.0000
[EVAL] step=3000 cmd_vx=0.0000 vx_meas=0.0000 vx_abs_err=0.0000 timeout_rate=1.0000 base_contact_rate=0.0000
[EVAL] Summary
[EVAL] mean_cmd_vx: 0.9614814814814815
[EVAL] mean_vx_meas: 1.0324111269103122
[EVAL] mean_vx_abs_err: 0.15340654668915604
[EVAL] p95_vx_abs_err: 0.9081083536148071
[EVAL] stable_ratio: 0.8244444727897644
[EVAL] mean_timeout_rate: 0.0011111111111111111
[EVAL] mean_base_contact_rate: 0.0
[EVAL] pass: True
[EVAL_JSON] {"task": "Isaac-Velocity-Flat-Unitree-Go1-ROS2Cmd-Play-v0", "checkpoint": "D:\\Graduation-Project\\logs\\rsl_rl\\unitree_go1_flat\\2026-03-08_15-50-01_baseline_flat_ros2cmd\\model_299.pt", "eval_steps": 3000, "warmup_steps": 300, "effective_samples": 2700, "target_vx": 1.0, "mean_cmd_vx": 0.9614814814814815, "mean_vx_meas": 1.0324111269103122, "mean_vx_abs_err": 0.15340654668915604, "p95_vx_abs_err": 0.9081083536148071, "stable_ratio": 0.8244444727897644, "stable_err_thresh": 0.15, "mean_timeout_rate": 0.0011111111111111111, "mean_base_contact_rate": 0.0, "elapsed_seconds": 197.0003216266632, "pass": true, "pass_criteria": {"abs(mean_cmd_vx-target_vx)<=": 0.05, "mean_vx_abs_err<=": 0.18, "stable_ratio>=": 0.75}}
[266.251s] Simulation App Shutting Down
(env_isaaclab) PS D:\Graduation-Project>