(env_isaaclab) PS D:\Graduation-Project> python scripts/phase_morl/run_morl_eval.py --task Isaac-Velocity-Rough-Unitree-Go1-ROS2Cmd-Play-v0 --load_run 2026-03-08_16-46-27_baseline_rough_ros2cmd --checkpoint model_1499.pt --scenario S1 --skip_ros2 --num_envs 8 --eval_steps 40 --warmup_steps 5 --summary_json logs/eval/_compat_smoke/baseline_seed42_S1_smoke.json --headless
[INFO][AppLauncher]: Using device: cuda:0
[INFO][AppLauncher]: Loading experience file: D:\IsaacLab\apps\isaaclab.python.headless.kit
Loading user config located at: 'd:/isaaclab/_isaac_sim/kit/data/Kit/Isaac-Sim/5.1/user.config.json'
[Info] [carb] Logging to file: d:/isaaclab/_isaac_sim/kit/logs/Kit/Isaac-Sim/5.1/kit_20260404_180117.log
2026-04-04T10:01:20Z [2,065ms] [Warning] [omni.usd_config.extension] Enable omni.materialx.libs extension to use MaterialX
2026-04-04T10:01:23Z [5,892ms] [Warning] [carb] Acquiring non optional plugin interface which is not listed as dependency: [omni::physx::IPhysxBenchmarks v1.0] (plugin: <default plugin>), by client: omni.physics.physx.plugin. Add it to CARB_PLUGIN_IMPL_DEPS() macro of a client.
2026-04-04T10:01:24Z [5,991ms] [Warning] [omni.isaac.dynamic_control] omni.isaac.dynamic_control is deprecated as of Isaac Sim 4.5. No action is needed from end-users.
2026-04-04T10:01:35Z [16,986ms] [Warning] [gpu.foundation.plugin] Skipping unsupported non-NVIDIA GPU: Intel(R) Graphics
2026-04-04T10:01:35Z [16,986ms] [Warning] [gpu.foundation.plugin] Skipping unsupported non-NVIDIA GPU: Intel(R) Graphics
2026-04-04T10:01:35Z [16,989ms] [Warning] [gpu.foundation.plugin] Skipping unsupported non-NVIDIA GPU: Intel(R) Graphics
2026-04-04T10:01:35Z [16,989ms] [Warning] [gpu.foundation.plugin] Skipping unsupported non-NVIDIA GPU: Intel(R) Graphics

|---------------------------------------------------------------------------------------------|
| Driver Version: 591.74        | Graphics API: D3D12
|=============================================================================================|
| GPU | Name                             | Active | LDA | GPU Memory | Vendor-ID | LUID       |
|     |                                  |        |     |            | Device-ID | UUID       |
|     |                                  |        |     |            | Bus-ID    |            |
|---------------------------------------------------------------------------------------------|
| 0   | NVIDIA GeForce RTX 4060 Laptop.. | Yes: 0 |     | 7956    MB | 10de      | 0bdf0100.. |
|     |                                  |        |     |            | 28a0      | 0          |
|     |                                  |        |     |            | 32        |            |
|---------------------------------------------------------------------------------------------|
| 1   | Intel(R) Graphics                |        |     | 128     MB | 8086      | 67d70100.. |
|     |                                  |        |     |            | 7dd5      | 0          |
|     |                                  |        |     |            | N/A       |            |
|---------------------------------------------------------------------------------------------|
| 2   | Intel(R) Graphics                |        |     | 128     MB | 8086      | 2dc60200.. |
|     |                                  |        |     |            | 7dd5      | 0          |
|     |                                  |        |     |            | N/A       |            |
|=============================================================================================|
| OS: Windows 11 Pro, Version: 10.0 (23H2), Build: 22631, Kernel: 10.0.22621.4036
| Processor: Intel(R) Core(TM) Ultra 9 185H
| Cores: 16 | Logical Cores: 22
|---------------------------------------------------------------------------------------------|
| Total Memory (MB): 15989 | Free Memory: 1382
| Total Page/Swap (MB): 52853 | Free Page/Swap: 23548
|---------------------------------------------------------------------------------------------|
2026-04-04T10:01:35Z [17,802ms] [Warning] [gpu.foundation.plugin] PCIe link width current (4) and maximum (8) for device 0 don't match.
[INFO]: Parsing configuration from: robot_lab.tasks.manager_based.locomotion.velocity.config.quadruped.unitree_go1_ros2.rough_env_cfg:UnitreeGo1Ros2CmdRoughEnvCfg_PLAY
[INFO]: Parsing configuration from: isaaclab_tasks.manager_based.locomotion.velocity.config.go1.agents.rsl_rl_ppo_cfg:UnitreeGo1RoughPPORunnerCfg
[INFO] Loading experiment from directory: D:\Graduation-Project\logs\rsl_rl\unitree_go1_rough
[INFO] Using checkpoint: D:\Graduation-Project\logs\rsl_rl\unitree_go1_rough\2026-03-08_16-46-27_baseline_rough_ros2cmd\model_1499.pt

====================================================================================================================
[INFO][IsaacLab]: Logging to file: C:\Users\SNight\AppData\Local\Temp\isaaclab\logs\isaaclab_2026-04-04_18-01-41.log
====================================================================================================================

18:01:42 [simulation_context.py] WARNING: The `enable_external_forces_every_iteration` parameter in the PhysxCfg is set to False. If you are experiencing noisy velocities, consider enabling this flag. You may need to slightly increase the number of velocity iterations (setting it to 1 or 2 rather than 0), together with this flag, to improve the accuracy of velocity updates.
[INFO]: Base environment:
        Environment device    : cuda:0
        Environment seed      : 42
        Physics step-size     : 0.005
        Rendering step-size   : 0.02
        Environment step-size : 0.02
18:01:43 [terrain_importer.py] WARNING: Visual material specified for ground plane but no diffuse color found. Using default color: (0.0, 0.0, 0.0)
[INFO]: Time taken for scene creation : 1.834989 seconds
[INFO]: Scene manager:  <class InteractiveScene>
        Number of environments: 8
        Environment spacing   : 2.5
        Source prim name      : /World/envs/env_0
        Global prim paths     : ['/World/ground']
        Replicate physics     : True
[INFO]: Starting the simulation. This may take a few seconds. Please wait...
[INFO]: Time taken for simulation start : 2.585389 seconds
18:01:46 [velocity_command.py] WARNING: The velocity command has the 'ranges.heading' attribute set to '(0.0, 0.0)' but the heading command is not active. Consider setting the flag for the heading command to True.
[INFO] Command Manager:  <CommandManager> contains 1 active terms.
+------------------------------------------------+
|              Active Command Terms              |
+-------+---------------+------------------------+
| Index | Name          |          Type          |
+-------+---------------+------------------------+
|   0   | base_velocity | UniformVelocityCommand |
+-------+---------------+------------------------+

[INFO] Event Manager:  <EventManager> contains 2 active terms.
+--------------------------------------+
| Active Event Terms in Mode: 'startup' |
+----------+---------------------------+
|  Index   | Name                      |
+----------+---------------------------+
|    0     | physics_material          |
|    1     | add_base_mass             |
+----------+---------------------------+
+-------------------------------------+
| Active Event Terms in Mode: 'reset' |
+---------+---------------------------+
|  Index  | Name                      |
+---------+---------------------------+
|    0    | reset_base                |
|    1    | reset_robot_joints        |
+---------+---------------------------+

[INFO] Recorder Manager:  <RecorderManager> contains 0 active terms.
+---------------------+
| Active Recorder Terms |
+-----------+---------+
|   Index   | Name    |
+-----------+---------+
+-----------+---------+

[INFO] Action Manager:  <ActionManager> contains 1 active terms.
+------------------------------------+
|  Active Action Terms (shape: 12)   |
+--------+-------------+-------------+
| Index  | Name        |   Dimension |
+--------+-------------+-------------+
|   0    | joint_pos   |          12 |
+--------+-------------+-------------+

[INFO] Observation Manager: <ObservationManager> contains 1 groups.
+----------------------------------------------------------+
| Active Observation Terms in Group: 'policy' (shape: (235,)) |
+-----------+--------------------------------+-------------+
|   Index   | Name                           |    Shape    |
+-----------+--------------------------------+-------------+
|     0     | base_lin_vel                   |     (3,)    |
|     1     | base_ang_vel                   |     (3,)    |
|     2     | projected_gravity              |     (3,)    |
|     3     | velocity_commands              |     (3,)    |
|     4     | joint_pos                      |    (12,)    |
|     5     | joint_vel                      |    (12,)    |
|     6     | actions                        |    (12,)    |
|     7     | height_scan                    |    (187,)   |
+-----------+--------------------------------+-------------+

[INFO] Termination Manager:  <TerminationManager> contains 2 active terms.
+---------------------------------+
|     Active Termination Terms    |
+-------+--------------+----------+
| Index | Name         | Time Out |
+-------+--------------+----------+
|   0   | time_out     |   True   |
|   1   | base_contact |  False   |
+-------+--------------+----------+

[INFO] Reward Manager:  <RewardManager> contains 10 active terms.
+-----------------------------------------+
|           Active Reward Terms           |
+-------+----------------------+----------+
| Index | Name                 |   Weight |
+-------+----------------------+----------+
|   0   | track_lin_vel_xy_exp |      1.5 |
|   1   | track_ang_vel_z_exp  |     0.75 |
|   2   | lin_vel_z_l2         |     -2.0 |
|   3   | ang_vel_xy_l2        |    -0.05 |
|   4   | dof_torques_l2       |  -0.0002 |
|   5   | dof_acc_l2           | -2.5e-07 |
|   6   | action_rate_l2       |    -0.01 |
|   7   | feet_air_time        |     0.01 |
|   8   | flat_orientation_l2  |      0.0 |
|   9   | dof_pos_limits       |      0.0 |
+-------+----------------------+----------+

[INFO] Curriculum Manager:  <CurriculumManager> contains 0 active terms.
+----------------------+
| Active Curriculum Terms |
+-----------+----------+
|   Index   | Name     |
+-----------+----------+
+-----------+----------+

[INFO]: Completed setting up the environment...
C:\Users\SNight\anaconda3\envs\env_isaaclab\Lib\site-packages\rsl_rl\utils\utils.py:245: UserWarning: The observation configuration dictionary 'obs_groups' must contain the 'policy' key. As an observation group with the name 'policy' was found, this is assumed to be the observation set. Consider adding the 'policy' key to the 'obs_groups' dictionary for clarity. This behavior will be removed in a future version.
  warnings.warn(
C:\Users\SNight\anaconda3\envs\env_isaaclab\Lib\site-packages\rsl_rl\utils\utils.py:291: UserWarning: The observation configuration dictionary 'obs_groups' must contain the 'critic' key. As the configuration for 'critic' is missing, the observations from the 'policy' set are used. Consider adding the 'critic' key to the 'obs_groups' dictionary for clarity. This behavior will be removed in a future version.
  warnings.warn(
--------------------------------------------------------------------------------
Resolved observation sets:
         policy :  ['policy']
         critic :  ['policy']
--------------------------------------------------------------------------------
Actor MLP: MLP(
  (0): Linear(in_features=235, out_features=512, bias=True)
  (1): ELU(alpha=1.0)
  (2): Linear(in_features=512, out_features=256, bias=True)
  (3): ELU(alpha=1.0)
  (4): Linear(in_features=256, out_features=128, bias=True)
  (5): ELU(alpha=1.0)
  (6): Linear(in_features=128, out_features=12, bias=True)
)
Critic MLP: MLP(
  (0): Linear(in_features=235, out_features=512, bias=True)
  (1): ELU(alpha=1.0)
  (2): Linear(in_features=512, out_features=256, bias=True)
  (3): ELU(alpha=1.0)
  (4): Linear(in_features=256, out_features=128, bias=True)
  (5): ELU(alpha=1.0)
  (6): Linear(in_features=128, out_features=1, bias=True)
)
[MORL_EVAL] base_velocity metrics missing ('cmd_vx', 'vx_meas', 'vx_abs_err'); falling back to direct tensor-derived tracking metrics.
[MORL_EVAL] Summary
[MORL_EVAL] J_speed: 0.2592250108718872
[MORL_EVAL] J_energy: 98.80402374267578
[MORL_EVAL] J_smooth: 1.437272548675537
[MORL_EVAL] J_stable: 0.37060052156448364
[MORL_EVAL] success_rate: None
[MORL_EVAL] mean_base_contact_rate: 0.0
[MORL_EVAL] mean_timeout_rate: 0.0
[MORL_EVAL] recovery_time: 0.14000000059604645
[MORL_EVAL_JSON] {"policy_id": "2026-03-08_16-46-27_baseline_rough_ros2cmd", "task": "Isaac-Velocity-Rough-Unitree-Go1-ROS2Cmd-Play-v0", "scenario_id": "S1", "scenario_name": "flat_mid_speed", "terrain_mode": "plane", "cmd_vx": 1.0, "disturbance_mode": "none", "analysis_group": "main", "checkpoint": "D:\\Graduation-Project\\logs\\rsl_rl\\unitree_go1_rough\\2026-03-08_16-46-27_baseline_rough_ros2cmd\\model_1499.pt", "load_run": "2026-03-08_16-46-27_baseline_rough_ros2cmd", "eval_steps": 40, "warmup_steps": 5, "effective_steps": 35, "effective_env_steps": 280, "step_dt": 0.02, "mean_cmd_vx": 1.0, "mean_vx_meas": 0.848519389118467, "mean_vx_abs_err": 0.15485518383128302, "J_speed": 0.2592250108718872, "J_energy": 98.80402374267578, "J_smooth": 1.437272548675537, "J_stable": 0.37060052156448364, "success_rate": null, "mean_base_contact_rate": 0.0, "mean_timeout_rate": 0.0, "recovery_time": 0.14000000059604645, "elapsed_seconds": 2.0379891395568848}
[MORL_EVAL] Summary JSON written to: D:\Graduation-Project\logs\eval\_compat_smoke\baseline_seed42_S1_smoke.json